{"C:\\Users\\User\\OneDrive\\Desktop\\To-do-list-for-Testing\\src\\todoFunctions.js": {"path":"C:\\Users\\User\\OneDrive\\Desktop\\To-do-list-for-Testing\\src\\todoFunctions.js","statementMap":{"0":{"start":{"line":3,"column":21},"end":{"line":3,"column":23}},"1":{"start":{"line":6,"column":18},"end":{"line":10,"column":3}},"2":{"start":{"line":11,"column":2},"end":{"line":11,"column":22}},"3":{"start":{"line":15,"column":2},"end":{"line":15,"column":29}},"4":{"start":{"line":16,"column":2},"end":{"line":16,"column":18}},"5":{"start":{"line":20,"column":2},"end":{"line":20,"column":48}},"6":{"start":{"line":24,"column":2},"end":{"line":26,"column":5}},"7":{"start":{"line":25,"column":4},"end":{"line":25,"column":27}},"8":{"start":{"line":30,"column":2},"end":{"line":30,"column":55}},"9":{"start":{"line":34,"column":22},"end":{"line":34,"column":63}},"10":{"start":{"line":35,"column":2},"end":{"line":37,"column":3}},"11":{"start":{"line":36,"column":4},"end":{"line":36,"column":31}}},"fnMap":{"0":{"name":"addTask","decl":{"start":{"line":5,"column":16},"end":{"line":5,"column":23}},"loc":{"start":{"line":5,"column":37},"end":{"line":12,"column":1}},"line":5},"1":{"name":"deleteTask","decl":{"start":{"line":14,"column":16},"end":{"line":14,"column":26}},"loc":{"start":{"line":14,"column":34},"end":{"line":17,"column":1}},"line":14},"2":{"name":"editTaskDescription","decl":{"start":{"line":19,"column":16},"end":{"line":19,"column":35}},"loc":{"start":{"line":19,"column":59},"end":{"line":21,"column":1}},"line":19},"3":{"name":"updateIndexes","decl":{"start":{"line":23,"column":16},"end":{"line":23,"column":29}},"loc":{"start":{"line":23,"column":32},"end":{"line":27,"column":1}},"line":23},"4":{"name":"(anonymous_4)","decl":{"start":{"line":24,"column":16},"end":{"line":24,"column":17}},"loc":{"start":{"line":24,"column":33},"end":{"line":26,"column":3}},"line":24},"5":{"name":"saveToLocalStorage","decl":{"start":{"line":29,"column":16},"end":{"line":29,"column":34}},"loc":{"start":{"line":29,"column":37},"end":{"line":31,"column":1}},"line":29},"6":{"name":"loadFromLocalStorage","decl":{"start":{"line":33,"column":16},"end":{"line":33,"column":36}},"loc":{"start":{"line":33,"column":39},"end":{"line":38,"column":1}},"line":33}},"branchMap":{"0":{"loc":{"start":{"line":35,"column":2},"end":{"line":37,"column":3}},"type":"if","locations":[{"start":{"line":35,"column":2},"end":{"line":37,"column":3}},{"start":{},"end":{}}],"line":35}},"s":{"0":1,"1":1,"2":1,"3":2,"4":2,"5":1,"6":2,"7":3,"8":1,"9":1,"10":1,"11":1},"f":{"0":1,"1":2,"2":1,"3":2,"4":3,"5":1,"6":1},"b":{"0":[1,0]},"_coverageSchema":"1a1c01bbd47fc00a2c39e90264f33305004495a9","hash":"5fcb68ed39a4964acff897e4aa59e1aa37576b67"}
}
