TN:
SF:src\todoFunctions.js
FN:5,addTask
FN:14,deleteTask
FN:19,editTaskDescription
FN:23,updateIndexes
FN:24,(anonymous_4)
FN:29,saveToLocalStorage
FN:33,loadFromLocalStorage
FNF:7
FNH:7
FNDA:1,addTask
FNDA:2,deleteTask
FNDA:1,editTaskDescription
FNDA:2,updateIndexes
FNDA:3,(anonymous_4)
FNDA:1,saveToLocalStorage
FNDA:1,loadFromLocalStorage
DA:3,1
DA:6,1
DA:11,1
DA:15,2
DA:16,2
DA:20,1
DA:24,2
DA:25,3
DA:30,1
DA:34,1
DA:35,1
DA:36,1
LF:12
LH:12
BRDA:35,0,0,1
BRDA:35,0,1,0
BRF:2
BRH:1
end_of_record
